Analysis & Synthesis report for wan
Tue Jun 25 09:09:03 2019
Quartus II 64-Bit Version 13.0.0 Build 156 04/24/2013 SJ Full Version


---------------------
; Table of Contents ;
---------------------
  1. Legal Notice
  2. Analysis & Synthesis Summary
  3. Analysis & Synthesis Settings
  4. Parallel Compilation
  5. Analysis & Synthesis Source Files Read
  6. Analysis & Synthesis Resource Usage Summary
  7. Analysis & Synthesis Resource Utilization by Entity
  8. User-Specified and Inferred Latches
  9. General Register Statistics
 10. Inverted Register Statistics
 11. Elapsed Time Per Partition
 12. Analysis & Synthesis Messages



----------------
; Legal Notice ;
----------------
Copyright (C) 1991-2013 Altera Corporation
Your use of Altera Corporation's design tools, logic functions 
and other software and tools, and its AMPP partner logic 
functions, and any output files from any of the foregoing 
(including device programming or simulation files), and any 
associated documentation or information are expressly subject 
to the terms and conditions of the Altera Program License 
Subscription Agreement, Altera MegaCore Function License 
Agreement, or other applicable license agreement, including, 
without limitation, that your use is for the sole purpose of 
programming logic devices manufactured by Altera and sold by 
Altera or its authorized distributors.  Please refer to the 
applicable agreement for further details.



+----------------------------------------------------------------------------------+
; Analysis & Synthesis Summary                                                     ;
+------------------------------------+---------------------------------------------+
; Analysis & Synthesis Status        ; Successful - Tue Jun 25 09:09:03 2019       ;
; Quartus II 64-Bit Version          ; 13.0.0 Build 156 04/24/2013 SJ Full Version ;
; Revision Name                      ; wan                                         ;
; Top-level Entity Name              ; wan                                         ;
; Family                             ; Cyclone IV E                                ;
; Total logic elements               ; 236                                         ;
;     Total combinational functions  ; 236                                         ;
;     Dedicated logic registers      ; 46                                          ;
; Total registers                    ; 46                                          ;
; Total pins                         ; 90                                          ;
; Total virtual pins                 ; 0                                           ;
; Total memory bits                  ; 0                                           ;
; Embedded Multiplier 9-bit elements ; 0                                           ;
; Total PLLs                         ; 0                                           ;
+------------------------------------+---------------------------------------------+


+----------------------------------------------------------------------------------------------------------------------+
; Analysis & Synthesis Settings                                                                                        ;
+----------------------------------------------------------------------------+--------------------+--------------------+
; Option                                                                     ; Setting            ; Default Value      ;
+----------------------------------------------------------------------------+--------------------+--------------------+
; Device                                                                     ; EP4CE6E22C8        ;                    ;
; Top-level entity name                                                      ; wan                ; wan                ;
; Family name                                                                ; Cyclone IV E       ; Cyclone IV GX      ;
; Use smart compilation                                                      ; Off                ; Off                ;
; Enable parallel Assembler and TimeQuest Timing Analyzer during compilation ; On                 ; On                 ;
; Enable compact report table                                                ; Off                ; Off                ;
; Restructure Multiplexers                                                   ; Auto               ; Auto               ;
; Create Debugging Nodes for IP Cores                                        ; Off                ; Off                ;
; Preserve fewer node names                                                  ; On                 ; On                 ;
; Disable OpenCore Plus hardware evaluation                                  ; Off                ; Off                ;
; Verilog Version                                                            ; Verilog_2001       ; Verilog_2001       ;
; VHDL Version                                                               ; VHDL_1993          ; VHDL_1993          ;
; State Machine Processing                                                   ; Auto               ; Auto               ;
; Safe State Machine                                                         ; Off                ; Off                ;
; Extract Verilog State Machines                                             ; On                 ; On                 ;
; Extract VHDL State Machines                                                ; On                 ; On                 ;
; Ignore Verilog initial constructs                                          ; Off                ; Off                ;
; Iteration limit for constant Verilog loops                                 ; 5000               ; 5000               ;
; Iteration limit for non-constant Verilog loops                             ; 250                ; 250                ;
; Add Pass-Through Logic to Inferred RAMs                                    ; On                 ; On                 ;
; Infer RAMs from Raw Logic                                                  ; On                 ; On                 ;
; Parallel Synthesis                                                         ; On                 ; On                 ;
; DSP Block Balancing                                                        ; Auto               ; Auto               ;
; NOT Gate Push-Back                                                         ; On                 ; On                 ;
; Power-Up Don't Care                                                        ; On                 ; On                 ;
; Remove Redundant Logic Cells                                               ; Off                ; Off                ;
; Remove Duplicate Registers                                                 ; On                 ; On                 ;
; Ignore CARRY Buffers                                                       ; Off                ; Off                ;
; Ignore CASCADE Buffers                                                     ; Off                ; Off                ;
; Ignore GLOBAL Buffers                                                      ; Off                ; Off                ;
; Ignore ROW GLOBAL Buffers                                                  ; Off                ; Off                ;
; Ignore LCELL Buffers                                                       ; Off                ; Off                ;
; Ignore SOFT Buffers                                                        ; On                 ; On                 ;
; Limit AHDL Integers to 32 Bits                                             ; Off                ; Off                ;
; Optimization Technique                                                     ; Balanced           ; Balanced           ;
; Carry Chain Length                                                         ; 70                 ; 70                 ;
; Auto Carry Chains                                                          ; On                 ; On                 ;
; Auto Open-Drain Pins                                                       ; On                 ; On                 ;
; Perform WYSIWYG Primitive Resynthesis                                      ; Off                ; Off                ;
; Auto ROM Replacement                                                       ; On                 ; On                 ;
; Auto RAM Replacement                                                       ; On                 ; On                 ;
; Auto DSP Block Replacement                                                 ; On                 ; On                 ;
; Auto Shift Register Replacement                                            ; Auto               ; Auto               ;
; Allow Shift Register Merging across Hierarchies                            ; Auto               ; Auto               ;
; Auto Clock Enable Replacement                                              ; On                 ; On                 ;
; Strict RAM Replacement                                                     ; Off                ; Off                ;
; Allow Synchronous Control Signals                                          ; On                 ; On                 ;
; Force Use of Synchronous Clear Signals                                     ; Off                ; Off                ;
; Auto RAM Block Balancing                                                   ; On                 ; On                 ;
; Auto RAM to Logic Cell Conversion                                          ; Off                ; Off                ;
; Auto Resource Sharing                                                      ; Off                ; Off                ;
; Allow Any RAM Size For Recognition                                         ; Off                ; Off                ;
; Allow Any ROM Size For Recognition                                         ; Off                ; Off                ;
; Allow Any Shift Register Size For Recognition                              ; Off                ; Off                ;
; Use LogicLock Constraints during Resource Balancing                        ; On                 ; On                 ;
; Ignore translate_off and synthesis_off directives                          ; Off                ; Off                ;
; Timing-Driven Synthesis                                                    ; On                 ; On                 ;
; Report Parameter Settings                                                  ; On                 ; On                 ;
; Report Source Assignments                                                  ; On                 ; On                 ;
; Report Connectivity Checks                                                 ; On                 ; On                 ;
; Ignore Maximum Fan-Out Assignments                                         ; Off                ; Off                ;
; Synchronization Register Chain Length                                      ; 2                  ; 2                  ;
; PowerPlay Power Optimization                                               ; Normal compilation ; Normal compilation ;
; HDL message level                                                          ; Level2             ; Level2             ;
; Suppress Register Optimization Related Messages                            ; Off                ; Off                ;
; Number of Removed Registers Reported in Synthesis Report                   ; 5000               ; 5000               ;
; Number of Swept Nodes Reported in Synthesis Report                         ; 5000               ; 5000               ;
; Number of Inverted Registers Reported in Synthesis Report                  ; 100                ; 100                ;
; Clock MUX Protection                                                       ; On                 ; On                 ;
; Auto Gated Clock Conversion                                                ; Off                ; Off                ;
; Block Design Naming                                                        ; Auto               ; Auto               ;
; SDC constraint protection                                                  ; Off                ; Off                ;
; Synthesis Effort                                                           ; Auto               ; Auto               ;
; Shift Register Replacement - Allow Asynchronous Clear Signal               ; On                 ; On                 ;
; Pre-Mapping Resynthesis Optimization                                       ; Off                ; Off                ;
; Analysis & Synthesis Message Level                                         ; Medium             ; Medium             ;
; Disable Register Merging Across Hierarchies                                ; Auto               ; Auto               ;
; Resource Aware Inference For Block RAM                                     ; On                 ; On                 ;
; Synthesis Seed                                                             ; 1                  ; 1                  ;
+----------------------------------------------------------------------------+--------------------+--------------------+


+------------------------------------------+
; Parallel Compilation                     ;
+----------------------------+-------------+
; Processors                 ; Number      ;
+----------------------------+-------------+
; Number detected on machine ; 4           ;
; Maximum allowed            ; 4           ;
;                            ;             ;
; Average used               ; 1.00        ;
; Maximum used               ; 2           ;
;                            ;             ;
; Usage by Processor         ; % Time Used ;
;     Processor 1            ; 100.0%      ;
;     Processor 2            ; < 0.1%      ;
;     Processors 3-4         ;   0.0%      ;
+----------------------------+-------------+


+----------------------------------------------------------------------------------------------------------------------------+
; Analysis & Synthesis Source Files Read                                                                                     ;
+----------------------------------+-----------------+------------------------+------------------------------------+---------+
; File Name with User-Entered Path ; Used in Netlist ; File Type              ; File Name with Absolute Path       ; Library ;
+----------------------------------+-----------------+------------------------+------------------------------------+---------+
; wan.v                            ; yes             ; User Verilog HDL File  ; C:/Users/A/Desktop/wannianli/wan.v ;         ;
+----------------------------------+-----------------+------------------------+------------------------------------+---------+


+---------------------------------------------------------+
; Analysis & Synthesis Resource Usage Summary             ;
+---------------------------------------------+-----------+
; Resource                                    ; Usage     ;
+---------------------------------------------+-----------+
; Estimated Total logic elements              ; 236       ;
;                                             ;           ;
; Total combinational functions               ; 236       ;
; Logic element usage by number of LUT inputs ;           ;
;     -- 4 input functions                    ; 117       ;
;     -- 3 input functions                    ; 15        ;
;     -- <=2 input functions                  ; 104       ;
;                                             ;           ;
; Logic elements by mode                      ;           ;
;     -- normal mode                          ; 207       ;
;     -- arithmetic mode                      ; 29        ;
;                                             ;           ;
; Total registers                             ; 46        ;
;     -- Dedicated logic registers            ; 46        ;
;     -- I/O registers                        ; 0         ;
;                                             ;           ;
; I/O pins                                    ; 90        ;
; Embedded Multiplier 9-bit elements          ; 0         ;
; Maximum fan-out node                        ; rst~input ;
; Maximum fan-out                             ; 89        ;
; Total fan-out                               ; 993       ;
; Average fan-out                             ; 2.15      ;
+---------------------------------------------+-----------+


+-----------------------------------------------------------------------------------------------------------------------------------------------------------------------------+
; Analysis & Synthesis Resource Utilization by Entity                                                                                                                         ;
+----------------------------+-------------------+--------------+-------------+--------------+---------+-----------+------+--------------+---------------------+--------------+
; Compilation Hierarchy Node ; LC Combinationals ; LC Registers ; Memory Bits ; DSP Elements ; DSP 9x9 ; DSP 18x18 ; Pins ; Virtual Pins ; Full Hierarchy Name ; Library Name ;
+----------------------------+-------------------+--------------+-------------+--------------+---------+-----------+------+--------------+---------------------+--------------+
; |wan                       ; 236 (236)         ; 46 (46)      ; 0           ; 0            ; 0       ; 0         ; 90   ; 0            ; |wan                ;              ;
+----------------------------+-------------------+--------------+-------------+--------------+---------+-----------+------+--------------+---------------------+--------------+
Note: For table entries with two numbers listed, the numbers in parentheses indicate the number of resources of the given type used by the specific entity alone. The numbers listed outside of parentheses indicate the total resources of the given type used by the specific entity and all of its sub-entities in the hierarchy.


+---------------------------------------------------------------------------------------------------+
; User-Specified and Inferred Latches                                                               ;
+----------------------------------------------------+---------------------+------------------------+
; Latch Name                                         ; Latch Enable Signal ; Free of Timing Hazards ;
+----------------------------------------------------+---------------------+------------------------+
; date[0]                                            ; Mux0                ; yes                    ;
; date[1]                                            ; Mux0                ; yes                    ;
; Number of user-specified and inferred latches = 2  ;                     ;                        ;
+----------------------------------------------------+---------------------+------------------------+
Note: All latches listed above may not be present at the end of synthesis due to various synthesis optimizations.


+------------------------------------------------------+
; General Register Statistics                          ;
+----------------------------------------------+-------+
; Statistic                                    ; Value ;
+----------------------------------------------+-------+
; Total registers                              ; 46    ;
; Number of registers using Synchronous Clear  ; 0     ;
; Number of registers using Synchronous Load   ; 0     ;
; Number of registers using Asynchronous Clear ; 45    ;
; Number of registers using Asynchronous Load  ; 0     ;
; Number of registers using Clock Enable       ; 4     ;
; Number of registers using Preset             ; 0     ;
+----------------------------------------------+-------+


+--------------------------------------------------+
; Inverted Register Statistics                     ;
+----------------------------------------+---------+
; Inverted Register                      ; Fan out ;
+----------------------------------------+---------+
; year[4]~reg0_emulated                  ; 1       ;
; year[7]~reg0_emulated                  ; 1       ;
; day[0]~reg0_emulated                   ; 1       ;
; Total number of inverted registers = 3 ;         ;
+----------------------------------------+---------+


+-------------------------------+
; Elapsed Time Per Partition    ;
+----------------+--------------+
; Partition Name ; Elapsed Time ;
+----------------+--------------+
; Top            ; 00:00:00     ;
+----------------+--------------+


+-------------------------------+
; Analysis & Synthesis Messages ;
+-------------------------------+
Info: *******************************************************************
Info: Running Quartus II 64-Bit Analysis & Synthesis
    Info: Version 13.0.0 Build 156 04/24/2013 SJ Full Version
    Info: Processing started: Tue Jun 25 09:09:01 2019
Info: Command: quartus_map --read_settings_files=on --write_settings_files=off wan -c wan
Info (20030): Parallel compilation is enabled and will use 4 of the 4 processors detected
Info (12021): Found 1 design units, including 1 entities, in source file wan.v
    Info (12023): Found entity 1: wan
Info (12021): Found 1 design units, including 1 entities, in source file verilog2.v
    Info (12023): Found entity 1: time_tb_2
Info (12127): Elaborating entity "wan" for the top level hierarchy
Warning (10230): Verilog HDL assignment warning at wan.v(97): truncated value with size 32 to match size of target (6)
Warning (10230): Verilog HDL assignment warning at wan.v(121): truncated value with size 32 to match size of target (6)
Warning (10230): Verilog HDL assignment warning at wan.v(144): truncated value with size 32 to match size of target (5)
Warning (10230): Verilog HDL assignment warning at wan.v(167): truncated value with size 32 to match size of target (5)
Warning (10230): Verilog HDL assignment warning at wan.v(188): truncated value with size 32 to match size of target (3)
Warning (10230): Verilog HDL assignment warning at wan.v(210): truncated value with size 32 to match size of target (4)
Warning (10230): Verilog HDL assignment warning at wan.v(231): truncated value with size 32 to match size of target (12)
Warning (10270): Verilog HDL Case Statement warning at wan.v(237): incomplete case statement has no default case item
Warning (10240): Verilog HDL Always Construct warning at wan.v(237): inferring latch(es) for variable "date", which holds its previous value in one or more paths through the always construct
Info (10041): Inferred latch for "date[0]" at wan.v(237)
Info (10041): Inferred latch for "date[1]" at wan.v(237)
Info (10041): Inferred latch for "date[2]" at wan.v(237)
Info (10041): Inferred latch for "date[3]" at wan.v(237)
Info (10041): Inferred latch for "date[4]" at wan.v(237)
Warning (13012): Latch date[0] has unsafe behavior
    Warning (13013): Ports D and ENA on the latch are fed by the same signal mon[0]~reg0
Warning (13012): Latch date[1] has unsafe behavior
    Warning (13013): Ports D and ENA on the latch are fed by the same signal mon[3]~reg0
Warning (13004): Presettable and clearable registers converted to equivalent circuits with latches. Registers power-up to an undefined state, and DEVCLRn places the registers in an undefined state.
    Warning (13310): Register "year[0]~reg0" is converted into an equivalent circuit using register "year[0]~reg0_emulated" and latch "year[0]~1"
    Warning (13310): Register "year[1]~reg0" is converted into an equivalent circuit using register "year[1]~reg0_emulated" and latch "year[1]~6"
    Warning (13310): Register "year[2]~reg0" is converted into an equivalent circuit using register "year[2]~reg0_emulated" and latch "year[2]~11"
    Warning (13310): Register "year[3]~reg0" is converted into an equivalent circuit using register "year[3]~reg0_emulated" and latch "year[3]~16"
    Warning (13310): Register "year[4]~reg0" is converted into an equivalent circuit using register "year[4]~reg0_emulated" and latch "year[4]~21"
    Warning (13310): Register "year[5]~reg0" is converted into an equivalent circuit using register "year[5]~reg0_emulated" and latch "year[5]~26"
    Warning (13310): Register "year[6]~reg0" is converted into an equivalent circuit using register "year[6]~reg0_emulated" and latch "year[6]~31"
    Warning (13310): Register "year[7]~reg0" is converted into an equivalent circuit using register "year[7]~reg0_emulated" and latch "year[7]~36"
    Warning (13310): Register "year[8]~reg0" is converted into an equivalent circuit using register "year[8]~reg0_emulated" and latch "year[8]~41"
    Warning (13310): Register "year[9]~reg0" is converted into an equivalent circuit using register "year[9]~reg0_emulated" and latch "year[9]~46"
    Warning (13310): Register "year[10]~reg0" is converted into an equivalent circuit using register "year[10]~reg0_emulated" and latch "year[10]~51"
    Warning (13310): Register "year[11]~reg0" is converted into an equivalent circuit using register "year[11]~reg0_emulated" and latch "year[11]~56"
    Warning (13310): Register "mon[0]~reg0" is converted into an equivalent circuit using register "mon[0]~reg0_emulated" and latch "mon[0]~1"
    Warning (13310): Register "mon[1]~reg0" is converted into an equivalent circuit using register "mon[1]~reg0_emulated" and latch "mon[1]~6"
    Warning (13310): Register "mon[2]~reg0" is converted into an equivalent circuit using register "mon[2]~reg0_emulated" and latch "mon[2]~11"
    Warning (13310): Register "mon[3]~reg0" is converted into an equivalent circuit using register "mon[3]~reg0_emulated" and latch "mon[3]~16"
    Warning (13310): Register "week[0]~reg0" is converted into an equivalent circuit using register "week[0]~reg0_emulated" and latch "week[0]~1"
    Warning (13310): Register "week[1]~reg0" is converted into an equivalent circuit using register "week[1]~reg0_emulated" and latch "week[1]~6"
    Warning (13310): Register "week[2]~reg0" is converted into an equivalent circuit using register "week[2]~reg0_emulated" and latch "week[2]~11"
    Warning (13310): Register "day[0]~reg0" is converted into an equivalent circuit using register "day[0]~reg0_emulated" and latch "day[0]~1"
    Warning (13310): Register "day[1]~reg0" is converted into an equivalent circuit using register "day[1]~reg0_emulated" and latch "day[1]~6"
    Warning (13310): Register "day[2]~reg0" is converted into an equivalent circuit using register "day[2]~reg0_emulated" and latch "day[2]~11"
    Warning (13310): Register "day[3]~reg0" is converted into an equivalent circuit using register "day[3]~reg0_emulated" and latch "day[3]~16"
    Warning (13310): Register "day[4]~reg0" is converted into an equivalent circuit using register "day[4]~reg0_emulated" and latch "day[4]~21"
    Warning (13310): Register "hour[0]~reg0" is converted into an equivalent circuit using register "hour[0]~reg0_emulated" and latch "hour[0]~1"
    Warning (13310): Register "hour[1]~reg0" is converted into an equivalent circuit using register "hour[1]~reg0_emulated" and latch "hour[1]~6"
    Warning (13310): Register "hour[2]~reg0" is converted into an equivalent circuit using register "hour[2]~reg0_emulated" and latch "hour[2]~11"
    Warning (13310): Register "hour[3]~reg0" is converted into an equivalent circuit using register "hour[3]~reg0_emulated" and latch "hour[3]~16"
    Warning (13310): Register "hour[4]~reg0" is converted into an equivalent circuit using register "hour[4]~reg0_emulated" and latch "hour[4]~21"
    Warning (13310): Register "min[0]~reg0" is converted into an equivalent circuit using register "min[0]~reg0_emulated" and latch "min[0]~1"
    Warning (13310): Register "min[1]~reg0" is converted into an equivalent circuit using register "min[1]~reg0_emulated" and latch "min[1]~6"
    Warning (13310): Register "min[2]~reg0" is converted into an equivalent circuit using register "min[2]~reg0_emulated" and latch "min[2]~11"
    Warning (13310): Register "min[3]~reg0" is converted into an equivalent circuit using register "min[3]~reg0_emulated" and latch "min[3]~16"
    Warning (13310): Register "min[4]~reg0" is converted into an equivalent circuit using register "min[4]~reg0_emulated" and latch "min[4]~21"
    Warning (13310): Register "min[5]~reg0" is converted into an equivalent circuit using register "min[5]~reg0_emulated" and latch "min[5]~26"
    Warning (13310): Register "sec[0]~reg0" is converted into an equivalent circuit using register "sec[0]~reg0_emulated" and latch "sec[0]~1"
    Warning (13310): Register "sec[1]~reg0" is converted into an equivalent circuit using register "sec[1]~reg0_emulated" and latch "sec[1]~6"
    Warning (13310): Register "sec[2]~reg0" is converted into an equivalent circuit using register "sec[2]~reg0_emulated" and latch "sec[2]~11"
    Warning (13310): Register "sec[3]~reg0" is converted into an equivalent circuit using register "sec[3]~reg0_emulated" and latch "sec[3]~16"
    Warning (13310): Register "sec[4]~reg0" is converted into an equivalent circuit using register "sec[4]~reg0_emulated" and latch "sec[4]~21"
    Warning (13310): Register "sec[5]~reg0" is converted into an equivalent circuit using register "sec[5]~reg0_emulated" and latch "sec[5]~26"
Info (286030): Timing-Driven Synthesis is running
Info (16010): Generating hard_block partition "hard_block:auto_generated_inst"
    Info (16011): Adding 0 node(s), including 0 DDIO, 0 PLL, 0 transceiver and 0 LCELL
Info (21057): Implemented 327 device resources after synthesis - the final resource count might be different
    Info (21058): Implemented 44 input pins
    Info (21059): Implemented 46 output pins
    Info (21061): Implemented 237 logic cells
Info: Quartus II 64-Bit Analysis & Synthesis was successful. 0 errors, 55 warnings
    Info: Peak virtual memory: 4623 megabytes
    Info: Processing ended: Tue Jun 25 09:09:03 2019
    Info: Elapsed time: 00:00:02
    Info: Total CPU time (on all processors): 00:00:02


