  work.cpp
g:\code\c++\work_3_31\work_3_31\work.cpp(79): warning C4018: “<”: 有符号/无符号不匹配
g:\code\c++\work_3_31\work_3_31\work.cpp(81): warning C4018: “<”: 有符号/无符号不匹配
g:\code\c++\work_3_31\work_3_31\work.cpp(195): warning C4018: “<”: 有符号/无符号不匹配
g:\code\c++\work_3_31\work_3_31\work.cpp(221): warning C4018: “<”: 有符号/无符号不匹配
g:\code\c++\work_3_31\work_3_31\work.cpp(278): warning C4018: “<”: 有符号/无符号不匹配
g:\code\c++\work_3_31\work_3_31\work.cpp(283): warning C4018: “<=”: 有符号/无符号不匹配
g:\code\c++\work_3_31\work_3_31\work.cpp(301): warning C4018: “<”: 有符号/无符号不匹配
g:\code\c++\work_3_31\work_3_31\work.cpp(303): warning C4018: “<”: 有符号/无符号不匹配
g:\code\c++\work_3_31\work_3_31\work.cpp(357): warning C4018: “<”: 有符号/无符号不匹配
g:\code\c++\work_3_31\work_3_31\work.cpp(359): warning C4018: “<”: 有符号/无符号不匹配
g:\code\c++\work_3_31\work_3_31\work.cpp(479): warning C4018: “>=”: 有符号/无符号不匹配
g:\code\c++\work_3_31\work_3_31\work.cpp(506): warning C4018: “<”: 有符号/无符号不匹配
g:\code\c++\work_3_31\work_3_31\work.cpp(510): warning C4018: “<”: 有符号/无符号不匹配
g:\code\c++\work_3_31\work_3_31\work.cpp(528): warning C4018: “<”: 有符号/无符号不匹配
g:\code\c++\work_3_31\work_3_31\work.cpp(568): warning C4018: “<”: 有符号/无符号不匹配
g:\code\c++\work_3_31\work_3_31\work.cpp(575): warning C4018: “<”: 有符号/无符号不匹配
g:\code\c++\work_3_31\work_3_31\work.cpp(589): warning C4018: “<”: 有符号/无符号不匹配
g:\code\c++\work_3_31\work_3_31\work.cpp(600): warning C4244: “return”: 从“double”转换到“int”，可能丢失数据
g:\code\c++\work_3_31\work_3_31\work.cpp(606): warning C4018: “<”: 有符号/无符号不匹配
g:\code\c++\work_3_31\work_3_31\work.cpp(609): warning C4018: “<”: 有符号/无符号不匹配
g:\code\c++\work_3_31\work_3_31\work.cpp(637): warning C4018: “<”: 有符号/无符号不匹配
g:\code\c++\work_3_31\work_3_31\work.cpp(707): warning C4018: “<”: 有符号/无符号不匹配
g:\code\c++\work_3_31\work_3_31\work.cpp(709): warning C4018: “<”: 有符号/无符号不匹配
  work_3_31.vcxproj -> G:\Code\C++\work_3_31\Debug\work_3_31.exe
