  work.cpp
g:\code\c++\leetcode\work_3_31\work.cpp(83): warning C4018: “<”: 有符号/无符号不匹配
g:\code\c++\leetcode\work_3_31\work.cpp(85): warning C4018: “<”: 有符号/无符号不匹配
g:\code\c++\leetcode\work_3_31\work.cpp(199): warning C4018: “<”: 有符号/无符号不匹配
g:\code\c++\leetcode\work_3_31\work.cpp(225): warning C4018: “<”: 有符号/无符号不匹配
g:\code\c++\leetcode\work_3_31\work.cpp(282): warning C4018: “<”: 有符号/无符号不匹配
g:\code\c++\leetcode\work_3_31\work.cpp(287): warning C4018: “<=”: 有符号/无符号不匹配
g:\code\c++\leetcode\work_3_31\work.cpp(305): warning C4018: “<”: 有符号/无符号不匹配
g:\code\c++\leetcode\work_3_31\work.cpp(307): warning C4018: “<”: 有符号/无符号不匹配
g:\code\c++\leetcode\work_3_31\work.cpp(361): warning C4018: “<”: 有符号/无符号不匹配
g:\code\c++\leetcode\work_3_31\work.cpp(363): warning C4018: “<”: 有符号/无符号不匹配
g:\code\c++\leetcode\work_3_31\work.cpp(483): warning C4018: “>=”: 有符号/无符号不匹配
g:\code\c++\leetcode\work_3_31\work.cpp(510): warning C4018: “<”: 有符号/无符号不匹配
g:\code\c++\leetcode\work_3_31\work.cpp(514): warning C4018: “<”: 有符号/无符号不匹配
g:\code\c++\leetcode\work_3_31\work.cpp(532): warning C4018: “<”: 有符号/无符号不匹配
g:\code\c++\leetcode\work_3_31\work.cpp(572): warning C4018: “<”: 有符号/无符号不匹配
g:\code\c++\leetcode\work_3_31\work.cpp(579): warning C4018: “<”: 有符号/无符号不匹配
g:\code\c++\leetcode\work_3_31\work.cpp(593): warning C4018: “<”: 有符号/无符号不匹配
g:\code\c++\leetcode\work_3_31\work.cpp(604): warning C4244: “return”: 从“double”转换到“int”，可能丢失数据
g:\code\c++\leetcode\work_3_31\work.cpp(610): warning C4018: “<”: 有符号/无符号不匹配
g:\code\c++\leetcode\work_3_31\work.cpp(613): warning C4018: “<”: 有符号/无符号不匹配
g:\code\c++\leetcode\work_3_31\work.cpp(641): warning C4018: “<”: 有符号/无符号不匹配
g:\code\c++\leetcode\work_3_31\work.cpp(712): warning C4018: “<”: 有符号/无符号不匹配
g:\code\c++\leetcode\work_3_31\work.cpp(714): warning C4018: “<”: 有符号/无符号不匹配
g:\code\c++\leetcode\work_3_31\work.cpp(723): warning C4018: “<”: 有符号/无符号不匹配
g:\code\c++\leetcode\work_3_31\work.cpp(725): warning C4018: “<”: 有符号/无符号不匹配
g:\code\c++\leetcode\work_3_31\work.cpp(736): warning C4018: “<”: 有符号/无符号不匹配
g:\code\c++\leetcode\work_3_31\work.cpp(747): warning C4018: “<”: 有符号/无符号不匹配
g:\code\c++\leetcode\work_3_31\work.cpp(749): warning C4018: “<”: 有符号/无符号不匹配
g:\code\c++\leetcode\work_3_31\work.cpp(835): warning C4018: “<”: 有符号/无符号不匹配
g:\code\c++\leetcode\work_3_31\work.cpp(848): warning C4018: “<”: 有符号/无符号不匹配
g:\code\c++\leetcode\work_3_31\work.cpp(883): warning C4018: “<=”: 有符号/无符号不匹配
g:\code\c++\leetcode\work_3_31\work.cpp(889): warning C4018: “<=”: 有符号/无符号不匹配
g:\code\c++\leetcode\work_3_31\work.cpp(890): warning C4018: “<=”: 有符号/无符号不匹配
g:\code\c++\leetcode\work_3_31\work.cpp(996): warning C4018: “<”: 有符号/无符号不匹配
g:\code\c++\leetcode\work_3_31\work.cpp(1063): warning C4018: “<”: 有符号/无符号不匹配
g:\code\c++\leetcode\work_3_31\work.cpp(1065): warning C4018: “<”: 有符号/无符号不匹配
g:\code\c++\leetcode\work_3_31\work.cpp(1082): warning C4018: “<”: 有符号/无符号不匹配
g:\code\c++\leetcode\work_3_31\work.cpp(1098): warning C4018: “<”: 有符号/无符号不匹配
g:\code\c++\leetcode\work_3_31\work.cpp(1100): warning C4018: “<”: 有符号/无符号不匹配
g:\code\c++\leetcode\work_3_31\work.cpp(1117): warning C4018: “<=”: 有符号/无符号不匹配
g:\code\c++\leetcode\work_3_31\work.cpp(1119): warning C4018: “<=”: 有符号/无符号不匹配
g:\code\c++\leetcode\work_3_31\work.cpp(1149): warning C4018: “<”: 有符号/无符号不匹配
g:\code\c++\leetcode\work_3_31\work.cpp(1151): warning C4018: “<”: 有符号/无符号不匹配
g:\code\c++\leetcode\work_3_31\work.cpp(1169): warning C4018: “<”: 有符号/无符号不匹配
g:\code\c++\leetcode\work_3_31\work.cpp(1210): warning C4018: “<”: 有符号/无符号不匹配
g:\code\c++\leetcode\work_3_31\work.cpp(1216): warning C4018: “<”: 有符号/无符号不匹配
g:\code\c++\leetcode\work_3_31\work.cpp(1236): warning C4018: “<”: 有符号/无符号不匹配
g:\code\c++\leetcode\work_3_31\work.cpp(1256): warning C4018: “<”: 有符号/无符号不匹配
g:\code\c++\leetcode\work_3_31\work.cpp(1276): warning C4018: “<”: 有符号/无符号不匹配
g:\code\c++\leetcode\work_3_31\work.cpp(1280): warning C4018: “<”: 有符号/无符号不匹配
g:\code\c++\leetcode\work_3_31\work.cpp(1282): warning C4018: “<”: 有符号/无符号不匹配
g:\code\c++\leetcode\work_3_31\work.cpp(1556): warning C4018: “<”: 有符号/无符号不匹配
g:\code\c++\leetcode\work_3_31\work.cpp(1558): warning C4018: “>=”: 有符号/无符号不匹配
g:\code\c++\leetcode\work_3_31\work.cpp(1569): warning C4018: “<”: 有符号/无符号不匹配
g:\code\c++\leetcode\work_3_31\work.cpp(1594): warning C4018: “<”: 有符号/无符号不匹配
g:\code\c++\leetcode\work_3_31\work.cpp(1605): warning C4018: “<”: 有符号/无符号不匹配
g:\code\c++\leetcode\work_3_31\work.cpp(1651): warning C4018: “<”: 有符号/无符号不匹配
g:\code\c++\leetcode\work_3_31\work.cpp(1656): warning C4018: “<”: 有符号/无符号不匹配
g:\code\c++\leetcode\work_3_31\work.cpp(1701): warning C4018: “>”: 有符号/无符号不匹配
g:\code\c++\leetcode\work_3_31\work.cpp(1724): warning C4018: “<”: 有符号/无符号不匹配
g:\code\c++\leetcode\work_3_31\work.cpp(1766): warning C4018: “<”: 有符号/无符号不匹配
g:\code\c++\leetcode\work_3_31\work.cpp(1784): warning C4018: “<=”: 有符号/无符号不匹配
g:\code\c++\leetcode\work_3_31\work.cpp(1788): warning C4018: “<=”: 有符号/无符号不匹配
  work_3_31.vcxproj -> G:\Code\C++\leetcode\Debug\work_3_31.exe
